2016-04-29 21:29:06 3fb4 InnoDB: Warning: Using innodb_additional_mem_pool_size is DEPRECATED. This option may be removed in future releases, together with the option innodb_use_sys_malloc and with the InnoDB's internal memory allocator.
2016-04-29 21:29:06 16308 [Note] InnoDB: Using mutexes to ref count buffer pool pages
2016-04-29 21:29:06 16308 [Note] InnoDB: The InnoDB memory heap is disabled
2016-04-29 21:29:06 16308 [Note] InnoDB: Mutexes and rw_locks use Windows interlocked functions
2016-04-29 21:29:06 16308 [Note] InnoDB: Memory barrier is not used
2016-04-29 21:29:06 16308 [Note] InnoDB: Compressed tables use zlib 1.2.3
2016-04-29 21:29:06 16308 [Note] InnoDB: Using generic crc32 instructions
2016-04-29 21:29:06 16308 [Note] InnoDB: Initializing buffer pool, size = 16.0M
2016-04-29 21:29:06 16308 [Note] InnoDB: Completed initialization of buffer pool
2016-04-29 21:29:06 16308 [Note] InnoDB: Highest supported file format is Barracuda.
2016-04-29 21:29:06 16308 [Note] InnoDB: The log sequence numbers 1835037 and 1835037 in ibdata files do not match the log sequence number 1835199 in the ib_logfiles!
2016-04-29 21:29:06 16308 [Note] InnoDB: Database was not shutdown normally!
2016-04-29 21:29:06 16308 [Note] InnoDB: Starting crash recovery.
2016-04-29 21:29:06 16308 [Note] InnoDB: Reading tablespace information from the .ibd files...
2016-04-29 21:29:06 16308 [Note] InnoDB: Restoring possible half-written data pages 
2016-04-29 21:29:06 16308 [Note] InnoDB: from the doublewrite buffer...
2016-04-29 21:29:06 16308 [Note] InnoDB: 128 rollback segment(s) are active.
2016-04-29 21:29:06 16308 [Note] InnoDB: Waiting for purge to start
2016-04-29 21:29:07 16308 [Note] InnoDB:  Percona XtraDB (http://www.percona.com) 5.6.26-76.0 started; log sequence number 1835199
2016-04-29 21:29:07 19044 [Note] InnoDB: Dumping buffer pool(s) not yet started
2016-04-29 21:29:07 16308 [Note] Plugin 'FEEDBACK' is disabled.
2016-04-29 21:29:07 16308 [Note] Server socket created on IP: '::'.
2016-04-29 21:29:07 16308 [ERROR] mysqld.exe: Table '.\mysql\db' is marked as crashed and should be repaired
2016-04-29 21:29:07 16308 [Warning] Checking table:   '.\mysql\db'
2016-04-29 21:29:07 16308 [ERROR] mysql.db: 1 client is using or hasn't closed the table properly
2016-04-29 21:29:07 16308 [ERROR] mysqld.exe: Table '.\mysql\tables_priv' is marked as crashed and should be repaired
2016-04-29 21:29:07 16308 [Warning] Checking table:   '.\mysql\tables_priv'
2016-04-29 21:29:07 16308 [ERROR] mysql.tables_priv: 1 client is using or hasn't closed the table properly
2016-04-29 21:29:07 16308 [ERROR] mysqld.exe: Table '.\mysql\columns_priv' is marked as crashed and should be repaired
2016-04-29 21:29:07 16308 [Warning] Checking table:   '.\mysql\columns_priv'
2016-04-29 21:29:07 16308 [ERROR] mysql.columns_priv: 1 client is using or hasn't closed the table properly
2016-04-29 21:29:07 16308 [ERROR] mysqld.exe: Table '.\mysql\procs_priv' is marked as crashed and should be repaired
2016-04-29 21:29:07 16308 [Warning] Checking table:   '.\mysql\procs_priv'
2016-04-29 21:29:07 16308 [ERROR] mysql.procs_priv: 1 client is using or hasn't closed the table properly
2016-04-29 21:29:07 16308 [Note] c:\xampp\mysql\bin\mysqld.exe: ready for connections.
Version: '10.1.10-MariaDB'  socket: ''  port: 3306  mariadb.org binary distribution
2016-04-29 23:32:12 20188 [Note] c:\xampp\mysql\bin\mysqld.exe: Normal shutdown

2016-04-29 23:32:12 20188 [Note] Event Scheduler: Purging the queue. 0 events
2016-04-29 23:32:12 19516 [Note] InnoDB: FTS optimize thread exiting.
2016-04-29 23:32:12 20188 [Note] InnoDB: Starting shutdown...
2016-04-29 23:32:13 20188 [Note] InnoDB: Shutdown completed; log sequence number 1835209
2016-04-29 23:32:13 20188 [Note] c:\xampp\mysql\bin\mysqld.exe: Shutdown complete

2016-04-29 23:58:46 1cc0 InnoDB: Warning: Using innodb_additional_mem_pool_size is DEPRECATED. This option may be removed in future releases, together with the option innodb_use_sys_malloc and with the InnoDB's internal memory allocator.
2016-04-29 23:58:46 7360 [Note] InnoDB: Using mutexes to ref count buffer pool pages
2016-04-29 23:58:46 7360 [Note] InnoDB: The InnoDB memory heap is disabled
2016-04-29 23:58:46 7360 [Note] InnoDB: Mutexes and rw_locks use Windows interlocked functions
2016-04-29 23:58:46 7360 [Note] InnoDB: Memory barrier is not used
2016-04-29 23:58:46 7360 [Note] InnoDB: Compressed tables use zlib 1.2.3
2016-04-29 23:58:46 7360 [Note] InnoDB: Using generic crc32 instructions
2016-04-29 23:58:46 7360 [Note] InnoDB: Initializing buffer pool, size = 16.0M
2016-04-29 23:58:46 7360 [Note] InnoDB: Completed initialization of buffer pool
2016-04-29 23:58:46 7360 [Note] InnoDB: Highest supported file format is Barracuda.
2016-04-29 23:58:46 7360 [Warning] InnoDB: The log sequence number in the ibdata files is higher than the log sequence number in the ib_logfiles! Are you sure you are using the right ib_logfiles to start up the database. Log sequence number in the ib_logfiles is 1835199, logsequence numbers stamped to ibdata file headers are between 1835269 and 1835269.
2016-04-29 23:58:46 7360 [Note] InnoDB: The log sequence numbers 1835269 and 1835269 in ibdata files do not match the log sequence number 1835199 in the ib_logfiles!
2016-04-29 23:58:46 7360 [Note] InnoDB: Database was not shutdown normally!
2016-04-29 23:58:46 7360 [Note] InnoDB: Starting crash recovery.
2016-04-29 23:58:46 7360 [Note] InnoDB: Reading tablespace information from the .ibd files...
2016-04-29 23:58:46 7360 [Note] InnoDB: Restoring possible half-written data pages 
2016-04-29 23:58:46 7360 [Note] InnoDB: from the doublewrite buffer...
2016-04-29 23:58:46 1cc0 InnoDB: Error: page 5 log sequence number 1835279
InnoDB: is in the future! Current system log sequence number 1835199.
InnoDB: Your database may be corrupt or you may have copied the InnoDB
InnoDB: tablespace but not the InnoDB log files. See
InnoDB: http://dev.mysql.com/doc/refman/5.6/en/forcing-innodb-recovery.html
InnoDB: for more information.
2016-04-29 23:58:47 7360 [Note] InnoDB: 128 rollback segment(s) are active.
2016-04-29 23:58:47 7360 [Note] InnoDB: Waiting for purge to start
2016-04-29 23:58:47 7360 [Note] InnoDB:  Percona XtraDB (http://www.percona.com) 5.6.26-76.0 started; log sequence number 1835199
2016-04-29 23:58:47 18048 [Note] InnoDB: Dumping buffer pool(s) not yet started
2016-04-29 23:58:47 7360 [Note] Plugin 'FEEDBACK' is disabled.
2016-04-29 23:58:47 7360 [Note] Server socket created on IP: '::'.
2016-04-29 23:58:47 7360 [ERROR] mysqld.exe: Table '.\mysql\db' is marked as crashed and should be repaired
2016-04-29 23:58:47 7360 [Warning] Checking table:   '.\mysql\db'
2016-04-29 23:58:47 7360 [ERROR] mysql.db: 1 client is using or hasn't closed the table properly
2016-04-29 23:58:47 7360 [ERROR] mysqld.exe: Table '.\mysql\tables_priv' is marked as crashed and should be repaired
2016-04-29 23:58:47 7360 [Warning] Checking table:   '.\mysql\tables_priv'
2016-04-29 23:58:47 7360 [ERROR] mysql.tables_priv: 1 client is using or hasn't closed the table properly
2016-04-29 23:58:47 7360 [ERROR] mysqld.exe: Table '.\mysql\columns_priv' is marked as crashed and should be repaired
2016-04-29 23:58:47 7360 [Warning] Checking table:   '.\mysql\columns_priv'
2016-04-29 23:58:47 7360 [ERROR] mysql.columns_priv: 1 client is using or hasn't closed the table properly
2016-04-29 23:58:47 7360 [ERROR] mysqld.exe: Table '.\mysql\procs_priv' is marked as crashed and should be repaired
2016-04-29 23:58:47 7360 [Warning] Checking table:   '.\mysql\procs_priv'
2016-04-29 23:58:47 7360 [ERROR] mysql.procs_priv: 1 client is using or hasn't closed the table properly
2016-04-29 23:58:47 7360 [Note] c:\xampp\mysql\bin\mysqld.exe: ready for connections.
Version: '10.1.10-MariaDB'  socket: ''  port: 3306  mariadb.org binary distribution
2016-04-30 12:00:29 370c InnoDB: Warning: Using innodb_additional_mem_pool_size is DEPRECATED. This option may be removed in future releases, together with the option innodb_use_sys_malloc and with the InnoDB's internal memory allocator.
2016-04-30 12:00:29 14092 [Note] InnoDB: Using mutexes to ref count buffer pool pages
2016-04-30 12:00:29 14092 [Note] InnoDB: The InnoDB memory heap is disabled
2016-04-30 12:00:29 14092 [Note] InnoDB: Mutexes and rw_locks use Windows interlocked functions
2016-04-30 12:00:29 14092 [Note] InnoDB: Memory barrier is not used
2016-04-30 12:00:29 14092 [Note] InnoDB: Compressed tables use zlib 1.2.3
2016-04-30 12:00:29 14092 [Note] InnoDB: Using generic crc32 instructions
2016-04-30 12:00:29 14092 [Note] InnoDB: Initializing buffer pool, size = 16.0M
2016-04-30 12:00:29 14092 [Note] InnoDB: Completed initialization of buffer pool
2016-04-30 12:00:29 14092 [Note] InnoDB: Highest supported file format is Barracuda.
2016-04-30 12:00:29 14092 [Note] InnoDB: The log sequence numbers 1835269 and 1835269 in ibdata files do not match the log sequence number 2042489 in the ib_logfiles!
2016-04-30 12:00:29 14092 [Note] InnoDB: Database was not shutdown normally!
2016-04-30 12:00:29 14092 [Note] InnoDB: Starting crash recovery.
2016-04-30 12:00:29 14092 [Note] InnoDB: Reading tablespace information from the .ibd files...
2016-04-30 12:00:29 14092 [Note] InnoDB: Restoring possible half-written data pages 
2016-04-30 12:00:29 14092 [Note] InnoDB: from the doublewrite buffer...
2016-04-30 12:00:30 14092 [Note] InnoDB: 128 rollback segment(s) are active.
2016-04-30 12:00:30 14092 [Note] InnoDB: Waiting for purge to start
2016-04-30 12:00:30 14092 [Note] InnoDB:  Percona XtraDB (http://www.percona.com) 5.6.26-76.0 started; log sequence number 2042489
2016-04-30 12:00:30 3304 [Note] InnoDB: Dumping buffer pool(s) not yet started
2016-04-30 12:00:30 14092 [Note] Plugin 'FEEDBACK' is disabled.
2016-04-30 12:00:30 14092 [Note] Server socket created on IP: '::'.
2016-04-30 12:00:30 14092 [ERROR] mysqld.exe: Table '.\mysql\db' is marked as crashed and should be repaired
2016-04-30 12:00:30 14092 [Warning] Checking table:   '.\mysql\db'
2016-04-30 12:00:30 14092 [ERROR] mysql.db: 1 client is using or hasn't closed the table properly
2016-04-30 12:00:30 14092 [ERROR] mysqld.exe: Table '.\mysql\tables_priv' is marked as crashed and should be repaired
2016-04-30 12:00:30 14092 [Warning] Checking table:   '.\mysql\tables_priv'
2016-04-30 12:00:30 14092 [ERROR] mysql.tables_priv: 1 client is using or hasn't closed the table properly
2016-04-30 12:00:30 14092 [ERROR] mysqld.exe: Table '.\mysql\columns_priv' is marked as crashed and should be repaired
2016-04-30 12:00:30 14092 [Warning] Checking table:   '.\mysql\columns_priv'
2016-04-30 12:00:30 14092 [ERROR] mysql.columns_priv: 1 client is using or hasn't closed the table properly
2016-04-30 12:00:30 14092 [ERROR] mysqld.exe: Table '.\mysql\procs_priv' is marked as crashed and should be repaired
2016-04-30 12:00:30 14092 [Warning] Checking table:   '.\mysql\procs_priv'
2016-04-30 12:00:30 14092 [ERROR] mysql.procs_priv: 1 client is using or hasn't closed the table properly
2016-04-30 12:00:30 14092 [Note] c:\xampp\mysql\bin\mysqld.exe: ready for connections.
Version: '10.1.10-MariaDB'  socket: ''  port: 3306  mariadb.org binary distribution
2016-04-30 12:36:58 4598 InnoDB: Warning: Using innodb_additional_mem_pool_size is DEPRECATED. This option may be removed in future releases, together with the option innodb_use_sys_malloc and with the InnoDB's internal memory allocator.
2016-04-30 12:36:58 17816 [Note] InnoDB: Using mutexes to ref count buffer pool pages
2016-04-30 12:36:58 17816 [Note] InnoDB: The InnoDB memory heap is disabled
2016-04-30 12:36:58 17816 [Note] InnoDB: Mutexes and rw_locks use Windows interlocked functions
2016-04-30 12:36:59 17816 [Note] InnoDB: Memory barrier is not used
2016-04-30 12:36:59 17816 [Note] InnoDB: Compressed tables use zlib 1.2.3
2016-04-30 12:36:59 17816 [Note] InnoDB: Using generic crc32 instructions
2016-04-30 12:36:59 17816 [Note] InnoDB: Initializing buffer pool, size = 16.0M
2016-04-30 12:36:59 17816 [Note] InnoDB: Completed initialization of buffer pool
2016-04-30 12:36:59 17816 [Note] InnoDB: Highest supported file format is Barracuda.
2016-04-30 12:36:59 17816 [Note] InnoDB: The log sequence numbers 1835269 and 1835269 in ibdata files do not match the log sequence number 2043137 in the ib_logfiles!
2016-04-30 12:36:59 17816 [Note] InnoDB: Database was not shutdown normally!
2016-04-30 12:36:59 17816 [Note] InnoDB: Starting crash recovery.
2016-04-30 12:36:59 17816 [Note] InnoDB: Reading tablespace information from the .ibd files...
2016-04-30 12:36:59 17816 [Note] InnoDB: Restoring possible half-written data pages 
2016-04-30 12:36:59 17816 [Note] InnoDB: from the doublewrite buffer...
2016-04-30 12:36:59 17816 [Note] InnoDB: 128 rollback segment(s) are active.
2016-04-30 12:36:59 17816 [Note] InnoDB: Waiting for purge to start
2016-04-30 12:36:59 17816 [Note] InnoDB:  Percona XtraDB (http://www.percona.com) 5.6.26-76.0 started; log sequence number 2043137
2016-04-30 12:36:59 13724 [Note] InnoDB: Dumping buffer pool(s) not yet started
2016-04-30 12:36:59 17816 [Note] Plugin 'FEEDBACK' is disabled.
2016-04-30 12:36:59 17816 [Note] Server socket created on IP: '::'.
2016-04-30 12:36:59 17816 [ERROR] mysqld.exe: Table '.\mysql\db' is marked as crashed and should be repaired
2016-04-30 12:36:59 17816 [Warning] Checking table:   '.\mysql\db'
2016-04-30 12:36:59 17816 [ERROR] mysql.db: 1 client is using or hasn't closed the table properly
2016-04-30 12:36:59 17816 [ERROR] mysqld.exe: Table '.\mysql\tables_priv' is marked as crashed and should be repaired
2016-04-30 12:36:59 17816 [Warning] Checking table:   '.\mysql\tables_priv'
2016-04-30 12:36:59 17816 [ERROR] mysql.tables_priv: 1 client is using or hasn't closed the table properly
2016-04-30 12:36:59 17816 [ERROR] mysqld.exe: Table '.\mysql\columns_priv' is marked as crashed and should be repaired
2016-04-30 12:36:59 17816 [Warning] Checking table:   '.\mysql\columns_priv'
2016-04-30 12:36:59 17816 [ERROR] mysql.columns_priv: 1 client is using or hasn't closed the table properly
2016-04-30 12:36:59 17816 [ERROR] mysqld.exe: Table '.\mysql\procs_priv' is marked as crashed and should be repaired
2016-04-30 12:37:00 17816 [Warning] Checking table:   '.\mysql\procs_priv'
2016-04-30 12:37:00 17816 [ERROR] mysql.procs_priv: 1 client is using or hasn't closed the table properly
2016-04-30 12:37:00 17816 [Note] c:\xampp\mysql\bin\mysqld.exe: ready for connections.
Version: '10.1.10-MariaDB'  socket: ''  port: 3306  mariadb.org binary distribution
2016-05-03 07:51:50 87c InnoDB: Warning: Using innodb_additional_mem_pool_size is DEPRECATED. This option may be removed in future releases, together with the option innodb_use_sys_malloc and with the InnoDB's internal memory allocator.
2016-05-03  7:51:50 2172 [Note] InnoDB: Using mutexes to ref count buffer pool pages
2016-05-03  7:51:50 2172 [Note] InnoDB: The InnoDB memory heap is disabled
2016-05-03  7:51:50 2172 [Note] InnoDB: Mutexes and rw_locks use Windows interlocked functions
2016-05-03  7:51:50 2172 [Note] InnoDB: Memory barrier is not used
2016-05-03  7:51:50 2172 [Note] InnoDB: Compressed tables use zlib 1.2.3
2016-05-03  7:51:50 2172 [Note] InnoDB: Using generic crc32 instructions
2016-05-03  7:51:50 2172 [Note] InnoDB: Initializing buffer pool, size = 16.0M
2016-05-03  7:51:50 2172 [Note] InnoDB: Completed initialization of buffer pool
2016-05-03  7:51:50 2172 [Note] InnoDB: Highest supported file format is Barracuda.
2016-05-03  7:51:50 2172 [Note] InnoDB: The log sequence numbers 1835269 and 1835269 in ibdata files do not match the log sequence number 4885789 in the ib_logfiles!
2016-05-03  7:51:50 2172 [Note] InnoDB: Database was not shutdown normally!
2016-05-03  7:51:50 2172 [Note] InnoDB: Starting crash recovery.
2016-05-03  7:51:50 2172 [Note] InnoDB: Reading tablespace information from the .ibd files...
2016-05-03  7:51:50 2172 [Note] InnoDB: Restoring possible half-written data pages 
2016-05-03  7:51:50 2172 [Note] InnoDB: from the doublewrite buffer...
2016-05-03  7:51:51 2172 [Note] InnoDB: 128 rollback segment(s) are active.
2016-05-03  7:51:51 2172 [Note] InnoDB: Waiting for purge to start
2016-05-03  7:51:51 2172 [Note] InnoDB:  Percona XtraDB (http://www.percona.com) 5.6.26-76.0 started; log sequence number 4885789
2016-05-03  7:51:51 3372 [Note] InnoDB: Dumping buffer pool(s) not yet started
2016-05-03  7:51:51 2172 [Note] Plugin 'FEEDBACK' is disabled.
2016-05-03  7:51:51 2172 [Note] Server socket created on IP: '::'.
2016-05-03  7:51:51 2172 [ERROR] mysqld.exe: Table '.\mysql\db' is marked as crashed and should be repaired
2016-05-03  7:51:51 2172 [Warning] Checking table:   '.\mysql\db'
2016-05-03  7:51:51 2172 [ERROR] mysql.db: 1 client is using or hasn't closed the table properly
2016-05-03  7:51:51 2172 [ERROR] mysqld.exe: Table '.\mysql\tables_priv' is marked as crashed and should be repaired
2016-05-03  7:51:51 2172 [Warning] Checking table:   '.\mysql\tables_priv'
2016-05-03  7:51:51 2172 [ERROR] mysql.tables_priv: 1 client is using or hasn't closed the table properly
2016-05-03  7:51:51 2172 [ERROR] mysqld.exe: Table '.\mysql\columns_priv' is marked as crashed and should be repaired
2016-05-03  7:51:51 2172 [Warning] Checking table:   '.\mysql\columns_priv'
2016-05-03  7:51:51 2172 [ERROR] mysql.columns_priv: 1 client is using or hasn't closed the table properly
2016-05-03  7:51:51 2172 [ERROR] mysqld.exe: Table '.\mysql\procs_priv' is marked as crashed and should be repaired
2016-05-03  7:51:51 2172 [Warning] Checking table:   '.\mysql\procs_priv'
2016-05-03  7:51:51 2172 [ERROR] mysql.procs_priv: 1 client is using or hasn't closed the table properly
2016-05-03  7:51:51 2172 [Note] c:\xampp\mysql\bin\mysqld.exe: ready for connections.
Version: '10.1.10-MariaDB'  socket: ''  port: 3306  mariadb.org binary distribution
2016-05-03  9:25:38 14332 [Note] c:\xampp\mysql\bin\mysqld.exe: Normal shutdown

2016-05-03  9:25:38 14332 [Note] Event Scheduler: Purging the queue. 0 events
2016-05-03  9:25:39 1164 [Note] InnoDB: FTS optimize thread exiting.
2016-05-03  9:25:39 14332 [Note] InnoDB: Starting shutdown...
2016-05-03  9:25:40 14332 [Note] InnoDB: Shutdown completed; log sequence number 4891643
2016-05-03  9:25:41 14332 [Note] c:\xampp\mysql\bin\mysqld.exe: Shutdown complete

2016-05-03 09:26:02 60 InnoDB: Warning: Using innodb_additional_mem_pool_size is DEPRECATED. This option may be removed in future releases, together with the option innodb_use_sys_malloc and with the InnoDB's internal memory allocator.
2016-05-03  9:26:02 96 [Note] InnoDB: Using mutexes to ref count buffer pool pages
2016-05-03  9:26:02 96 [Note] InnoDB: The InnoDB memory heap is disabled
2016-05-03  9:26:02 96 [Note] InnoDB: Mutexes and rw_locks use Windows interlocked functions
2016-05-03  9:26:02 96 [Note] InnoDB: Memory barrier is not used
2016-05-03  9:26:02 96 [Note] InnoDB: Compressed tables use zlib 1.2.3
2016-05-03  9:26:02 96 [Note] InnoDB: Using generic crc32 instructions
2016-05-03  9:26:02 96 [Note] InnoDB: Initializing buffer pool, size = 16.0M
2016-05-03  9:26:02 96 [Note] InnoDB: Completed initialization of buffer pool
2016-05-03  9:26:02 96 [Note] InnoDB: Highest supported file format is Barracuda.
2016-05-03  9:26:02 96 [Note] InnoDB: 128 rollback segment(s) are active.
2016-05-03  9:26:02 96 [Note] InnoDB: Waiting for purge to start
2016-05-03  9:26:02 96 [Note] InnoDB:  Percona XtraDB (http://www.percona.com) 5.6.26-76.0 started; log sequence number 4891643
2016-05-03  9:26:03 2760 [Note] InnoDB: Dumping buffer pool(s) not yet started
2016-05-03  9:26:03 96 [Note] Plugin 'FEEDBACK' is disabled.
2016-05-03  9:26:03 96 [Note] Server socket created on IP: '::'.
2016-05-03  9:26:03 96 [Note] c:\xampp\mysql\bin\mysqld.exe: ready for connections.
Version: '10.1.10-MariaDB'  socket: ''  port: 3306  mariadb.org binary distribution
2016-05-03  9:45:34 16024 [Note] c:\xampp\mysql\bin\mysqld.exe: Normal shutdown

2016-05-03  9:45:34 16024 [Note] Event Scheduler: Purging the queue. 0 events
2016-05-03  9:45:34 5288 [Note] InnoDB: FTS optimize thread exiting.
2016-05-03  9:45:34 16024 [Note] InnoDB: Starting shutdown...
2016-05-03  9:45:36 16024 [Note] InnoDB: Shutdown completed; log sequence number 4895377
2016-05-03  9:45:36 16024 [Note] c:\xampp\mysql\bin\mysqld.exe: Shutdown complete

2016-05-03 09:45:49 32ac InnoDB: Warning: Using innodb_additional_mem_pool_size is DEPRECATED. This option may be removed in future releases, together with the option innodb_use_sys_malloc and with the InnoDB's internal memory allocator.
2016-05-03  9:45:49 12972 [Note] InnoDB: Using mutexes to ref count buffer pool pages
2016-05-03  9:45:49 12972 [Note] InnoDB: The InnoDB memory heap is disabled
2016-05-03  9:45:49 12972 [Note] InnoDB: Mutexes and rw_locks use Windows interlocked functions
2016-05-03  9:45:49 12972 [Note] InnoDB: Memory barrier is not used
2016-05-03  9:45:49 12972 [Note] InnoDB: Compressed tables use zlib 1.2.3
2016-05-03  9:45:49 12972 [Note] InnoDB: Using generic crc32 instructions
2016-05-03  9:45:49 12972 [Note] InnoDB: Initializing buffer pool, size = 16.0M
2016-05-03  9:45:49 12972 [Note] InnoDB: Completed initialization of buffer pool
2016-05-03  9:45:49 12972 [Note] InnoDB: Highest supported file format is Barracuda.
2016-05-03  9:45:49 12972 [Note] InnoDB: 128 rollback segment(s) are active.
2016-05-03  9:45:49 12972 [Note] InnoDB: Waiting for purge to start
2016-05-03  9:45:49 12972 [Note] InnoDB:  Percona XtraDB (http://www.percona.com) 5.6.26-76.0 started; log sequence number 4895377
2016-05-03  9:45:50 7560 [Note] InnoDB: Dumping buffer pool(s) not yet started
2016-05-03  9:45:50 12972 [Note] Plugin 'FEEDBACK' is disabled.
2016-05-03  9:45:50 12972 [Note] Server socket created on IP: '::'.
2016-05-03  9:45:50 12972 [Note] c:\xampp\mysql\bin\mysqld.exe: ready for connections.
Version: '10.1.10-MariaDB'  socket: ''  port: 3306  mariadb.org binary distribution
2016-05-03  9:45:57 5292 [Note] c:\xampp\mysql\bin\mysqld.exe: Normal shutdown

2016-05-03  9:45:57 5292 [Note] Event Scheduler: Purging the queue. 0 events
2016-05-03  9:45:57 12356 [Note] InnoDB: FTS optimize thread exiting.
2016-05-03  9:45:57 5292 [Note] InnoDB: Starting shutdown...
2016-05-03  9:45:59 5292 [Note] InnoDB: Shutdown completed; log sequence number 4895387
2016-05-03  9:45:59 5292 [Note] c:\xampp\mysql\bin\mysqld.exe: Shutdown complete

2016-05-03 09:49:47 20b4 InnoDB: Warning: Using innodb_additional_mem_pool_size is DEPRECATED. This option may be removed in future releases, together with the option innodb_use_sys_malloc and with the InnoDB's internal memory allocator.
2016-05-03  9:49:47 8372 [Note] InnoDB: Using mutexes to ref count buffer pool pages
2016-05-03  9:49:47 8372 [Note] InnoDB: The InnoDB memory heap is disabled
2016-05-03  9:49:47 8372 [Note] InnoDB: Mutexes and rw_locks use Windows interlocked functions
2016-05-03  9:49:47 8372 [Note] InnoDB: Memory barrier is not used
2016-05-03  9:49:47 8372 [Note] InnoDB: Compressed tables use zlib 1.2.3
2016-05-03  9:49:47 8372 [Note] InnoDB: Using generic crc32 instructions
2016-05-03  9:49:47 8372 [Note] InnoDB: Initializing buffer pool, size = 16.0M
2016-05-03  9:49:47 8372 [Note] InnoDB: Completed initialization of buffer pool
2016-05-03  9:49:47 8372 [Note] InnoDB: Highest supported file format is Barracuda.
2016-05-03  9:49:48 8372 [Note] InnoDB: 128 rollback segment(s) are active.
2016-05-03  9:49:48 8372 [Note] InnoDB: Waiting for purge to start
2016-05-03  9:49:48 8372 [Note] InnoDB:  Percona XtraDB (http://www.percona.com) 5.6.26-76.0 started; log sequence number 4895387
2016-05-03  9:49:48 4484 [Note] InnoDB: Dumping buffer pool(s) not yet started
2016-05-03  9:49:48 8372 [Note] Plugin 'FEEDBACK' is disabled.
2016-05-03  9:49:48 8372 [Note] Server socket created on IP: '::'.
2016-05-03  9:49:48 8372 [Note] c:\xampp\mysql\bin\mysqld.exe: ready for connections.
Version: '10.1.10-MariaDB'  socket: ''  port: 3306  mariadb.org binary distribution
2016-05-03 10:07:27 13752 [Note] c:\xampp\mysql\bin\mysqld.exe: Normal shutdown

2016-05-03 10:07:27 13752 [Note] Event Scheduler: Purging the queue. 0 events
2016-05-03 10:07:52 1620 InnoDB: Warning: Using innodb_additional_mem_pool_size is DEPRECATED. This option may be removed in future releases, together with the option innodb_use_sys_malloc and with the InnoDB's internal memory allocator.
2016-05-03 10:07:52 5664 [Note] InnoDB: Using mutexes to ref count buffer pool pages
2016-05-03 10:07:52 5664 [Note] InnoDB: The InnoDB memory heap is disabled
2016-05-03 10:07:52 5664 [Note] InnoDB: Mutexes and rw_locks use Windows interlocked functions
2016-05-03 10:07:52 5664 [Note] InnoDB: Memory barrier is not used
2016-05-03 10:07:52 5664 [Note] InnoDB: Compressed tables use zlib 1.2.3
2016-05-03 10:07:52 5664 [Note] InnoDB: Using generic crc32 instructions
2016-05-03 10:07:52 5664 [Note] InnoDB: Initializing buffer pool, size = 16.0M
2016-05-03 10:07:52 5664 [Note] InnoDB: Completed initialization of buffer pool
2016-05-03 10:08:21 5664 [Note] InnoDB: Highest supported file format is Barracuda.
2016-05-03 10:08:21 5664 [Note] InnoDB: The log sequence numbers 4895387 and 4895387 in ibdata files do not match the log sequence number 4897080 in the ib_logfiles!
2016-05-03 10:08:21 5664 [Note] InnoDB: Database was not shutdown normally!
2016-05-03 10:08:21 5664 [Note] InnoDB: Starting crash recovery.
2016-05-03 10:08:21 5664 [Note] InnoDB: Reading tablespace information from the .ibd files...
2016-05-03 10:08:22 5664 [Note] InnoDB: Restoring possible half-written data pages 
2016-05-03 10:08:22 5664 [Note] InnoDB: from the doublewrite buffer...
2016-05-03 10:08:22 5664 [Note] InnoDB: 128 rollback segment(s) are active.
2016-05-03 10:08:22 5664 [Note] InnoDB: Waiting for purge to start
2016-05-03 10:08:22 5664 [Note] InnoDB:  Percona XtraDB (http://www.percona.com) 5.6.26-76.0 started; log sequence number 4897080
2016-05-03 10:08:22 13052 [Note] InnoDB: Dumping buffer pool(s) not yet started
2016-05-03 10:08:22 5664 [Note] Plugin 'FEEDBACK' is disabled.
2016-05-03 10:08:22 5664 [Note] Server socket created on IP: '::'.
2016-05-03 10:08:23 5664 [Note] c:\xampp\mysql\bin\mysqld.exe: ready for connections.
Version: '10.1.10-MariaDB'  socket: ''  port: 3306  mariadb.org binary distribution
2016-05-03 20:24:25 5856 [Note] c:\xampp\mysql\bin\mysqld.exe: Normal shutdown

2016-05-03 20:24:25 5856 [Note] Event Scheduler: Purging the queue. 0 events
2016-05-03 20:24:25 4320 [Note] InnoDB: FTS optimize thread exiting.
2016-05-03 20:24:25 5856 [Note] InnoDB: Starting shutdown...
2016-05-03 20:24:28 5856 [Note] InnoDB: Shutdown completed; log sequence number 4898075
2016-05-03 20:24:28 5856 [Note] c:\xampp\mysql\bin\mysqld.exe: Shutdown complete

2016-05-03 20:24:32 15e8 InnoDB: Warning: Using innodb_additional_mem_pool_size is DEPRECATED. This option may be removed in future releases, together with the option innodb_use_sys_malloc and with the InnoDB's internal memory allocator.
2016-05-03 20:24:33 5608 [Note] InnoDB: Using mutexes to ref count buffer pool pages
2016-05-03 20:24:33 5608 [Note] InnoDB: The InnoDB memory heap is disabled
2016-05-03 20:24:33 5608 [Note] InnoDB: Mutexes and rw_locks use Windows interlocked functions
2016-05-03 20:24:33 5608 [Note] InnoDB: Memory barrier is not used
2016-05-03 20:24:33 5608 [Note] InnoDB: Compressed tables use zlib 1.2.3
2016-05-03 20:24:33 5608 [Note] InnoDB: Using generic crc32 instructions
2016-05-03 20:24:33 5608 [Note] InnoDB: Initializing buffer pool, size = 16.0M
2016-05-03 20:24:33 5608 [Note] InnoDB: Completed initialization of buffer pool
2016-05-03 20:24:33 5608 [Note] InnoDB: Highest supported file format is Barracuda.
2016-05-03 20:24:33 5608 [Note] InnoDB: 128 rollback segment(s) are active.
2016-05-03 20:24:33 5608 [Note] InnoDB: Waiting for purge to start
2016-05-03 20:24:33 5608 [Note] InnoDB:  Percona XtraDB (http://www.percona.com) 5.6.26-76.0 started; log sequence number 4898075
2016-05-03 20:24:33 8612 [Note] InnoDB: Dumping buffer pool(s) not yet started
2016-05-03 20:24:33 5608 [Note] Plugin 'FEEDBACK' is disabled.
2016-05-03 20:24:33 5608 [Note] Server socket created on IP: '::'.
2016-05-03 20:24:33 5608 [Note] c:\xampp\mysql\bin\mysqld.exe: ready for connections.
Version: '10.1.10-MariaDB'  socket: ''  port: 3306  mariadb.org binary distribution
2016-05-03 20:30:17 9116 [Note] c:\xampp\mysql\bin\mysqld.exe: Normal shutdown

2016-05-03 20:30:17 9116 [Note] Event Scheduler: Purging the queue. 0 events
2016-05-03 20:30:17 16444 [Note] InnoDB: FTS optimize thread exiting.
2016-05-03 20:30:17 9116 [Note] InnoDB: Starting shutdown...
2016-05-03 20:30:19 9116 [Note] InnoDB: Shutdown completed; log sequence number 4898223
2016-05-03 20:30:19 9116 [Note] c:\xampp\mysql\bin\mysqld.exe: Shutdown complete

2016-05-03 20:30:32 100 InnoDB: Warning: Using innodb_additional_mem_pool_size is DEPRECATED. This option may be removed in future releases, together with the option innodb_use_sys_malloc and with the InnoDB's internal memory allocator.
2016-05-03 20:30:32 256 [Note] InnoDB: Using mutexes to ref count buffer pool pages
2016-05-03 20:30:32 256 [Note] InnoDB: The InnoDB memory heap is disabled
2016-05-03 20:30:32 256 [Note] InnoDB: Mutexes and rw_locks use Windows interlocked functions
2016-05-03 20:30:32 256 [Note] InnoDB: Memory barrier is not used
2016-05-03 20:30:32 256 [Note] InnoDB: Compressed tables use zlib 1.2.3
2016-05-03 20:30:32 256 [Note] InnoDB: Using generic crc32 instructions
2016-05-03 20:30:32 256 [Note] InnoDB: Initializing buffer pool, size = 16.0M
2016-05-03 20:30:32 256 [Note] InnoDB: Completed initialization of buffer pool
2016-05-03 20:30:32 256 [Note] InnoDB: Highest supported file format is Barracuda.
2016-05-03 20:30:32 256 [Note] InnoDB: 128 rollback segment(s) are active.
2016-05-03 20:30:32 256 [Note] InnoDB: Waiting for purge to start
2016-05-03 20:30:32 256 [Note] InnoDB:  Percona XtraDB (http://www.percona.com) 5.6.26-76.0 started; log sequence number 4898223
2016-05-03 20:30:33 8140 [Note] InnoDB: Dumping buffer pool(s) not yet started
2016-05-03 20:30:33 256 [Note] Plugin 'FEEDBACK' is disabled.
2016-05-03 20:30:33 256 [Note] Server socket created on IP: '::'.
2016-05-03 20:30:33 256 [Note] c:\xampp\mysql\bin\mysqld.exe: ready for connections.
Version: '10.1.10-MariaDB'  socket: ''  port: 3306  mariadb.org binary distribution
2016-05-03 20:32:12 4164 [Note] c:\xampp\mysql\bin\mysqld.exe: Normal shutdown

2016-05-03 20:32:12 4164 [Note] Event Scheduler: Purging the queue. 0 events
2016-05-03 20:32:13 16632 [Note] InnoDB: FTS optimize thread exiting.
2016-05-03 20:32:13 4164 [Note] InnoDB: Starting shutdown...
2016-05-03 20:32:14 4164 [Note] InnoDB: Shutdown completed; log sequence number 4898396
2016-05-03 20:32:14 4164 [Note] c:\xampp\mysql\bin\mysqld.exe: Shutdown complete

2016-05-03 20:32:16 4110 InnoDB: Warning: Using innodb_additional_mem_pool_size is DEPRECATED. This option may be removed in future releases, together with the option innodb_use_sys_malloc and with the InnoDB's internal memory allocator.
2016-05-03 20:32:16 16656 [Note] InnoDB: Using mutexes to ref count buffer pool pages
2016-05-03 20:32:16 16656 [Note] InnoDB: The InnoDB memory heap is disabled
2016-05-03 20:32:16 16656 [Note] InnoDB: Mutexes and rw_locks use Windows interlocked functions
2016-05-03 20:32:16 16656 [Note] InnoDB: Memory barrier is not used
2016-05-03 20:32:16 16656 [Note] InnoDB: Compressed tables use zlib 1.2.3
2016-05-03 20:32:16 16656 [Note] InnoDB: Using generic crc32 instructions
2016-05-03 20:32:16 16656 [Note] InnoDB: Initializing buffer pool, size = 16.0M
2016-05-03 20:32:16 16656 [Note] InnoDB: Completed initialization of buffer pool
2016-05-03 20:32:16 16656 [Note] InnoDB: Highest supported file format is Barracuda.
2016-05-03 20:32:17 16656 [Note] InnoDB: 128 rollback segment(s) are active.
2016-05-03 20:32:17 16656 [Note] InnoDB: Waiting for purge to start
2016-05-03 20:32:17 16656 [Note] InnoDB:  Percona XtraDB (http://www.percona.com) 5.6.26-76.0 started; log sequence number 4898396
2016-05-03 20:32:17 1828 [Note] InnoDB: Dumping buffer pool(s) not yet started
2016-05-03 20:32:17 16656 [Note] Plugin 'FEEDBACK' is disabled.
2016-05-03 20:32:17 16656 [Note] Server socket created on IP: '::'.
2016-05-03 20:32:17 16656 [Note] c:\xampp\mysql\bin\mysqld.exe: ready for connections.
Version: '10.1.10-MariaDB'  socket: ''  port: 3306  mariadb.org binary distribution
2016-05-03 20:32:51 5620 [Note] c:\xampp\mysql\bin\mysqld.exe: Normal shutdown

2016-05-03 20:32:51 5620 [Note] Event Scheduler: Purging the queue. 0 events
2016-05-03 20:32:51 11776 [Note] InnoDB: FTS optimize thread exiting.
2016-05-03 20:32:51 5620 [Note] InnoDB: Starting shutdown...
2016-05-03 20:32:53 5620 [Note] InnoDB: Shutdown completed; log sequence number 4902143
2016-05-03 20:32:53 5620 [Note] c:\xampp\mysql\bin\mysqld.exe: Shutdown complete

2016-05-04 08:04:19 2010 InnoDB: Warning: Using innodb_additional_mem_pool_size is DEPRECATED. This option may be removed in future releases, together with the option innodb_use_sys_malloc and with the InnoDB's internal memory allocator.
2016-05-04  8:04:19 8208 [Note] InnoDB: Using mutexes to ref count buffer pool pages
2016-05-04  8:04:19 8208 [Note] InnoDB: The InnoDB memory heap is disabled
2016-05-04  8:04:19 8208 [Note] InnoDB: Mutexes and rw_locks use Windows interlocked functions
2016-05-04  8:04:19 8208 [Note] InnoDB: Memory barrier is not used
2016-05-04  8:04:19 8208 [Note] InnoDB: Compressed tables use zlib 1.2.3
2016-05-04  8:04:19 8208 [Note] InnoDB: Using generic crc32 instructions
2016-05-04  8:04:19 8208 [Note] InnoDB: Initializing buffer pool, size = 16.0M
2016-05-04  8:04:19 8208 [Note] InnoDB: Completed initialization of buffer pool
2016-05-04  8:04:19 8208 [Note] InnoDB: Highest supported file format is Barracuda.
2016-05-04  8:04:20 8208 [Note] InnoDB: 128 rollback segment(s) are active.
2016-05-04  8:04:20 8208 [Note] InnoDB: Waiting for purge to start
2016-05-04  8:04:20 8208 [Note] InnoDB:  Percona XtraDB (http://www.percona.com) 5.6.28-76.1 started; log sequence number 4902143
2016-05-04  8:04:20 8208 [Note] Plugin 'FEEDBACK' is disabled.
2016-05-04  8:04:20 7608 [Note] InnoDB: Dumping buffer pool(s) not yet started
2016-05-04  8:04:21 8208 [Note] Server socket created on IP: '::'.
2016-05-04  8:04:21 8208 [Note] d:\xampp\mysql\bin\mysqld.exe: ready for connections.
Version: '10.1.13-MariaDB'  socket: ''  port: 3306  mariadb.org binary distribution
2016-05-04  8:10:24 9468 [Note] d:\xampp\mysql\bin\mysqld.exe: Normal shutdown

2016-05-04  8:10:24 9468 [Note] Event Scheduler: Purging the queue. 0 events
2016-05-04  8:10:24 7504 [Note] InnoDB: FTS optimize thread exiting.
2016-05-04  8:10:24 9468 [Note] InnoDB: Starting shutdown...
2016-05-04  8:10:25 9468 [Note] InnoDB: Shutdown completed; log sequence number 4977568
2016-05-04  8:10:25 9468 [Note] d:\xampp\mysql\bin\mysqld.exe: Shutdown complete

2016-05-04 08:14:36 edc InnoDB: Warning: Using innodb_additional_mem_pool_size is DEPRECATED. This option may be removed in future releases, together with the option innodb_use_sys_malloc and with the InnoDB's internal memory allocator.
2016-05-04  8:14:36 3804 [Note] InnoDB: Using mutexes to ref count buffer pool pages
2016-05-04  8:14:36 3804 [Note] InnoDB: The InnoDB memory heap is disabled
2016-05-04  8:14:36 3804 [Note] InnoDB: Mutexes and rw_locks use Windows interlocked functions
2016-05-04  8:14:36 3804 [Note] InnoDB: Memory barrier is not used
2016-05-04  8:14:36 3804 [Note] InnoDB: Compressed tables use zlib 1.2.3
2016-05-04  8:14:36 3804 [Note] InnoDB: Using generic crc32 instructions
2016-05-04  8:14:36 3804 [Note] InnoDB: Initializing buffer pool, size = 16.0M
2016-05-04  8:14:36 3804 [Note] InnoDB: Completed initialization of buffer pool
2016-05-04  8:14:36 3804 [Note] InnoDB: Highest supported file format is Barracuda.
2016-05-04  8:14:36 3804 [Note] InnoDB: 128 rollback segment(s) are active.
2016-05-04  8:14:36 3804 [Note] InnoDB: Waiting for purge to start
2016-05-04  8:14:36 3804 [Note] InnoDB:  Percona XtraDB (http://www.percona.com) 5.6.28-76.1 started; log sequence number 4977568
2016-05-04  8:14:36 3532 [Note] InnoDB: Dumping buffer pool(s) not yet started
2016-05-04  8:14:36 3804 [Note] Plugin 'FEEDBACK' is disabled.
2016-05-04  8:14:36 3804 [Note] Server socket created on IP: '::'.
2016-05-04  8:14:37 3804 [Note] d:\xampp\mysql\bin\mysqld.exe: ready for connections.
Version: '10.1.13-MariaDB'  socket: ''  port: 3306  mariadb.org binary distribution
2016-05-04  8:25:15 4724 [Note] d:\xampp\mysql\bin\mysqld.exe: Normal shutdown

2016-05-04  8:25:15 4724 [Note] Event Scheduler: Purging the queue. 0 events
2016-05-04  8:25:15 4988 [Note] InnoDB: FTS optimize thread exiting.
2016-05-04  8:25:15 4724 [Note] InnoDB: Starting shutdown...
2016-05-04  8:25:16 4724 [Note] InnoDB: Shutdown completed; log sequence number 4984183
2016-05-04  8:25:16 4724 [Note] d:\xampp\mysql\bin\mysqld.exe: Shutdown complete

2016-05-04 08:26:27 ba0 InnoDB: Warning: Using innodb_additional_mem_pool_size is DEPRECATED. This option may be removed in future releases, together with the option innodb_use_sys_malloc and with the InnoDB's internal memory allocator.
2016-05-04  8:26:27 2976 [Note] InnoDB: Using mutexes to ref count buffer pool pages
2016-05-04  8:26:27 2976 [Note] InnoDB: The InnoDB memory heap is disabled
2016-05-04  8:26:27 2976 [Note] InnoDB: Mutexes and rw_locks use Windows interlocked functions
2016-05-04  8:26:27 2976 [Note] InnoDB: Memory barrier is not used
2016-05-04  8:26:27 2976 [Note] InnoDB: Compressed tables use zlib 1.2.3
2016-05-04  8:26:27 2976 [Note] InnoDB: Using generic crc32 instructions
2016-05-04  8:26:27 2976 [Note] InnoDB: Initializing buffer pool, size = 16.0M
2016-05-04  8:26:27 2976 [Note] InnoDB: Completed initialization of buffer pool
2016-05-04  8:26:27 2976 [Note] InnoDB: Highest supported file format is Barracuda.
2016-05-04  8:26:27 2976 [Note] InnoDB: 128 rollback segment(s) are active.
2016-05-04  8:26:27 2976 [Note] InnoDB: Waiting for purge to start
2016-05-04  8:26:27 2976 [Note] InnoDB:  Percona XtraDB (http://www.percona.com) 5.6.28-76.1 started; log sequence number 4984183
2016-05-04  8:26:28 5644 [Note] InnoDB: Dumping buffer pool(s) not yet started
2016-05-04  8:26:28 2976 [Note] Plugin 'FEEDBACK' is disabled.
2016-05-04  8:26:28 2976 [Note] Server socket created on IP: '::'.
2016-05-04  8:26:28 2976 [Note] d:\xampp\mysql\bin\mysqld.exe: ready for connections.
Version: '10.1.13-MariaDB'  socket: ''  port: 3306  mariadb.org binary distribution
2016-05-04  8:27:41 11408 [Note] InnoDB: Online DDL : Start
2016-05-04  8:27:41 11408 [Note] InnoDB: Online DDL : Start reading clustered index of the table and create temporary files
2016-05-04  8:27:41 11408 [Note] InnoDB: Online DDL : End of reading clustered index of the table and create temporary files
2016-05-04  8:27:41 11408 [Note] InnoDB: Online DDL : Start merge-sorting index `PRIMARY` (1 / 2), estimated cost : 13.3333
2016-05-04  8:27:41 11408 [Note] InnoDB: Online DDL : End of  merge-sorting index `PRIMARY` (1 / 2)
2016-05-04  8:27:41 11408 [Note] InnoDB: Online DDL : Start building index `PRIMARY` (1 / 2), estimated cost : 20.0000
2016-05-04  8:27:41 11408 [Note] InnoDB: Online DDL : End of building index `PRIMARY` (1 / 2)
2016-05-04  8:27:41 11408 [Note] InnoDB: Online DDL : Completed
2016-05-04  8:27:41 11408 [Note] InnoDB: Online DDL : Start merge-sorting index `MID` (2 / 2), estimated cost : 13.3333
2016-05-04  8:27:41 11408 [Note] InnoDB: Online DDL : End of  merge-sorting index `MID` (2 / 2)
2016-05-04  8:27:41 11408 [Note] InnoDB: Online DDL : Start building index `MID` (2 / 2), estimated cost : 20.0000
2016-05-04  8:27:41 11408 [Note] InnoDB: Online DDL : End of building index `MID` (2 / 2)
2016-05-04  8:27:41 11408 [Note] InnoDB: Online DDL : Completed
2016-05-04  8:29:15 10236 [Note] d:\xampp\mysql\bin\mysqld.exe: Normal shutdown

2016-05-04  8:29:15 10236 [Note] Event Scheduler: Purging the queue. 0 events
2016-05-04  8:29:15 7688 [Note] InnoDB: FTS optimize thread exiting.
2016-05-04  8:29:15 10236 [Note] InnoDB: Starting shutdown...
2016-05-04  8:29:16 10236 [Note] InnoDB: Shutdown completed; log sequence number 5000318
2016-05-04  8:29:16 10236 [Note] d:\xampp\mysql\bin\mysqld.exe: Shutdown complete

2016-05-04 08:32:31 2c40 InnoDB: Warning: Using innodb_additional_mem_pool_size is DEPRECATED. This option may be removed in future releases, together with the option innodb_use_sys_malloc and with the InnoDB's internal memory allocator.
2016-05-04  8:32:31 11328 [Note] InnoDB: Using mutexes to ref count buffer pool pages
2016-05-04  8:32:31 11328 [Note] InnoDB: The InnoDB memory heap is disabled
2016-05-04  8:32:31 11328 [Note] InnoDB: Mutexes and rw_locks use Windows interlocked functions
2016-05-04  8:32:31 11328 [Note] InnoDB: Memory barrier is not used
2016-05-04  8:32:31 11328 [Note] InnoDB: Compressed tables use zlib 1.2.3
2016-05-04  8:32:31 11328 [Note] InnoDB: Using generic crc32 instructions
2016-05-04  8:32:31 11328 [Note] InnoDB: Initializing buffer pool, size = 16.0M
2016-05-04  8:32:31 11328 [Note] InnoDB: Completed initialization of buffer pool
2016-05-04  8:32:31 11328 [Note] InnoDB: Highest supported file format is Barracuda.
2016-05-04  8:32:31 11328 [Note] InnoDB: 128 rollback segment(s) are active.
2016-05-04  8:32:31 11328 [Note] InnoDB: Waiting for purge to start
2016-05-04  8:32:31 11328 [Note] InnoDB:  Percona XtraDB (http://www.percona.com) 5.6.28-76.1 started; log sequence number 5000318
2016-05-04  8:32:32 10176 [Note] InnoDB: Dumping buffer pool(s) not yet started
2016-05-04  8:32:32 11328 [Note] Plugin 'FEEDBACK' is disabled.
2016-05-04  8:32:32 11328 [Note] Server socket created on IP: '::'.
2016-05-04  8:32:32 11328 [Note] d:\xampp\mysql\bin\mysqld.exe: ready for connections.
Version: '10.1.13-MariaDB'  socket: ''  port: 3306  mariadb.org binary distribution
2016-05-04  9:31:02 5656 [Note] d:\xampp\mysql\bin\mysqld.exe: Normal shutdown

2016-05-04  9:31:02 5656 [Note] Event Scheduler: Purging the queue. 0 events
2016-05-04  9:31:02 9416 [Note] InnoDB: FTS optimize thread exiting.
2016-05-04  9:31:02 5656 [Note] InnoDB: Starting shutdown...
2016-05-04  9:31:04 5656 [Note] InnoDB: Shutdown completed; log sequence number 5003589
2016-05-04  9:31:04 5656 [Note] d:\xampp\mysql\bin\mysqld.exe: Shutdown complete

2016-05-04 09:36:44 2ccc InnoDB: Warning: Using innodb_additional_mem_pool_size is DEPRECATED. This option may be removed in future releases, together with the option innodb_use_sys_malloc and with the InnoDB's internal memory allocator.
2016-05-04  9:36:44 11468 [Note] InnoDB: Using mutexes to ref count buffer pool pages
2016-05-04  9:36:44 11468 [Note] InnoDB: The InnoDB memory heap is disabled
2016-05-04  9:36:44 11468 [Note] InnoDB: Mutexes and rw_locks use Windows interlocked functions
2016-05-04  9:36:44 11468 [Note] InnoDB: Memory barrier is not used
2016-05-04  9:36:44 11468 [Note] InnoDB: Compressed tables use zlib 1.2.3
2016-05-04  9:36:44 11468 [Note] InnoDB: Using generic crc32 instructions
2016-05-04  9:36:44 11468 [Note] InnoDB: Initializing buffer pool, size = 16.0M
2016-05-04  9:36:44 11468 [Note] InnoDB: Completed initialization of buffer pool
2016-05-04  9:36:44 11468 [Note] InnoDB: Highest supported file format is Barracuda.
2016-05-04  9:36:44 11468 [Note] InnoDB: 128 rollback segment(s) are active.
2016-05-04  9:36:44 11468 [Note] InnoDB: Waiting for purge to start
2016-05-04  9:36:44 11468 [Note] InnoDB:  Percona XtraDB (http://www.percona.com) 5.6.28-76.1 started; log sequence number 5003589
2016-05-04  9:36:44 4256 [Note] InnoDB: Dumping buffer pool(s) not yet started
2016-05-04  9:36:44 11468 [Note] Plugin 'FEEDBACK' is disabled.
2016-05-04  9:36:44 11468 [Note] Server socket created on IP: '::'.
2016-05-04  9:36:45 11468 [Note] d:\xampp\mysql\bin\mysqld.exe: ready for connections.
Version: '10.1.13-MariaDB'  socket: ''  port: 3306  mariadb.org binary distribution
